0 info it worked if it ends with ok
1 verbose cli [ '/usr/local/Cellar/node/6.2.2/bin/node',
1 verbose cli   '/usr/local/bin/npm',
1 verbose cli   'publish' ]
2 info using npm@3.9.5
3 info using node@v6.2.2
4 verbose publish [ '.' ]
5 silly cache add args [ '.', null ]
6 verbose cache add spec .
7 silly cache add parsed spec Result {
7 silly cache add   raw: '.',
7 silly cache add   scope: null,
7 silly cache add   name: null,
7 silly cache add   rawSpec: '.',
7 silly cache add   spec: '/Users/ryan/sites/church/oss/json-merge-interactive',
7 silly cache add   type: 'directory' }
8 verbose addLocalDirectory /Users/ryan/.npm/json-merge-interactive/1.0.0/package.tgz not in flight; packing
9 verbose correctMkdir /Users/ryan/.npm correctMkdir not in flight; initializing
10 info lifecycle json-merge-interactive@1.0.0~prepublish: json-merge-interactive@1.0.0
11 verbose lifecycle json-merge-interactive@1.0.0~prepublish: unsafe-perm in lifecycle true
12 verbose lifecycle json-merge-interactive@1.0.0~prepublish: PATH: /usr/local/lib/node_modules/npm/bin/node-gyp-bin:/Users/ryan/sites/church/oss/json-merge-interactive/node_modules/.bin:/usr/local/Cellar/node/6.2.2/bin:/usr/local/bin:/usr/bin:/bin:/usr/sbin:/sbin
13 verbose lifecycle json-merge-interactive@1.0.0~prepublish: CWD: /Users/ryan/sites/church/oss/json-merge-interactive
14 silly lifecycle json-merge-interactive@1.0.0~prepublish: Args: [ '-c', 'npm run build' ]
15 silly lifecycle json-merge-interactive@1.0.0~prepublish: Returned: code: 0  signal: null
16 verbose tar pack [ '/Users/ryan/.npm/json-merge-interactive/1.0.0/package.tgz',
16 verbose tar pack   '/Users/ryan/sites/church/oss/json-merge-interactive' ]
17 verbose tarball /Users/ryan/.npm/json-merge-interactive/1.0.0/package.tgz
18 verbose folder /Users/ryan/sites/church/oss/json-merge-interactive
19 verbose addLocalTarball adding from inside cache /Users/ryan/.npm/json-merge-interactive/1.0.0/package.tgz
20 verbose correctMkdir /Users/ryan/.npm correctMkdir not in flight; initializing
21 silly cache afterAdd json-merge-interactive@1.0.0
22 verbose afterAdd /Users/ryan/.npm/json-merge-interactive/1.0.0/package/package.json not in flight; writing
23 verbose correctMkdir /Users/ryan/.npm correctMkdir not in flight; initializing
24 verbose afterAdd /Users/ryan/.npm/json-merge-interactive/1.0.0/package/package.json written
25 silly publish { name: 'json-merge-interactive',
25 silly publish   version: '1.0.0',
25 silly publish   description: 'An interactive json merge tool',
25 silly publish   main: 'dist/index.js',
25 silly publish   scripts:
25 silly publish    { dev: 'babel --watch -d dist src',
25 silly publish      build: 'babel -d dist src',
25 silly publish      prepublish: 'npm run build',
25 silly publish      test: 'mocha' },
25 silly publish   keywords: [ 'json', 'merge' ],
25 silly publish   author: { name: 'Ryan Tablada' },
25 silly publish   license: 'MIT',
25 silly publish   devDependencies:
25 silly publish    { 'babel-cli': '^6.11.4',
25 silly publish      'babel-plugin-transform-object-rest-spread': '^6.8.0',
25 silly publish      'babel-preset-es2015': '^6.9.0',
25 silly publish      chai: '^3.5.0',
25 silly publish      mocha: '^2.5.3' },
25 silly publish   gitHead: 'b954ee30045c5de79efffa8d6bc5d05129e80bf0',
25 silly publish   readme: 'ERROR: No README data found!',
25 silly publish   _id: 'json-merge-interactive@1.0.0',
25 silly publish   _shasum: 'c62a2d210d7bc1ac82275ce2e31f7bda9bb8d64c',
25 silly publish   _from: '.' }
26 verbose getPublishConfig undefined
27 silly mapToRegistry name json-merge-interactive
28 silly mapToRegistry using default registry
29 silly mapToRegistry registry https://registry.npmjs.org/
30 silly mapToRegistry data Result {
30 silly mapToRegistry   raw: 'json-merge-interactive',
30 silly mapToRegistry   scope: null,
30 silly mapToRegistry   name: 'json-merge-interactive',
30 silly mapToRegistry   rawSpec: '',
30 silly mapToRegistry   spec: 'latest',
30 silly mapToRegistry   type: 'tag' }
31 silly mapToRegistry uri https://registry.npmjs.org/json-merge-interactive
32 verbose publish registryBase https://registry.npmjs.org/
33 silly publish uploading /Users/ryan/.npm/json-merge-interactive/1.0.0/package.tgz
34 verbose stack Error: auth required for publishing
34 verbose stack     at CachingRegistryClient.publish (/usr/local/lib/node_modules/npm/node_modules/npm-registry-client/lib/publish.js:30:14)
34 verbose stack     at /usr/local/lib/node_modules/npm/lib/publish.js:137:14
34 verbose stack     at mapToRegistry (/usr/local/lib/node_modules/npm/lib/utils/map-to-registry.js:62:3)
34 verbose stack     at publish_ (/usr/local/lib/node_modules/npm/lib/publish.js:106:3)
34 verbose stack     at Array.<anonymous> (/usr/local/lib/node_modules/npm/node_modules/slide/lib/bind-actor.js:15:8)
34 verbose stack     at LOOP (/usr/local/lib/node_modules/npm/node_modules/slide/lib/chain.js:15:14)
34 verbose stack     at LOOP (/usr/local/lib/node_modules/npm/node_modules/slide/lib/chain.js:14:28)
34 verbose stack     at chain (/usr/local/lib/node_modules/npm/node_modules/slide/lib/chain.js:20:5)
34 verbose stack     at /usr/local/lib/node_modules/npm/lib/publish.js:72:5
34 verbose stack     at RES (/usr/local/lib/node_modules/npm/node_modules/inflight/inflight.js:23:14)
35 verbose cwd /Users/ryan/sites/church/oss/json-merge-interactive
36 error Darwin 15.5.0
37 error argv "/usr/local/Cellar/node/6.2.2/bin/node" "/usr/local/bin/npm" "publish"
38 error node v6.2.2
39 error npm  v3.9.5
40 error code ENEEDAUTH
41 error need auth auth required for publishing
42 error need auth You need to authorize this machine using `npm adduser`
43 verbose exit [ 1, true ]
